Arguments: 
  /usr/local/bin/node /usr/local/bin/yarn add @nonymousoctopus/chainlink-hackathon-accidental-art/contracts

PATH: 
  /Users/ramoo/Blocks/google-cloud-sdk/bin:/usr/local/bin:/usr/bin:/bin:/usr/sbin:/sbin:/Users/ramoo/Blocks/google-cloud-sdk/bin

Yarn version: 
  1.22.17

Node version: 
  14.18.1

Platform: 
  darwin x64

Trace: 
  Error: https://registry.yarnpkg.com/@nonymousoctopus%2fchainlink-hackathon-accidental-art/contracts: Request "https://registry.yarnpkg.com/@nonymousoctopus%2fchainlink-hackathon-accidental-art/contracts" returned a 405
      at Request.params.callback [as _callback] (/usr/local/lib/node_modules/yarn/lib/cli.js:67038:18)
      at Request.self.callback (/usr/local/lib/node_modules/yarn/lib/cli.js:140883:22)
      at Request.emit (events.js:400:28)
      at Request.<anonymous> (/usr/local/lib/node_modules/yarn/lib/cli.js:141855:10)
      at Request.emit (events.js:400:28)
      at IncomingMessage.<anonymous> (/usr/local/lib/node_modules/yarn/lib/cli.js:141777:12)
      at Object.onceWrapper (events.js:519:28)
      at IncomingMessage.emit (events.js:412:35)
      at endReadableNT (internal/streams/readable.js:1334:12)
      at processTicksAndRejections (internal/process/task_queues.js:82:21)

npm manifest: 
  {
    "name": "chainlink-hardhat-box",
    "version": "1.0.0",
    "description": "",
    "scripts": {
      "lint": "eslint .",
      "lint:fix": "eslint . --fix"
    },
    "license": "MIT",
    "devDependencies": {
      "@nomiclabs/hardhat-ethers": "^2.0.1",
      "@nomiclabs/hardhat-etherscan": "^2.1.1",
      "@nomiclabs/hardhat-waffle": "^2.0.1",
      "chai": "^4.2.0",
      "chai-bignumber": "^3.0.0",
      "chai-bn": "^0.2.1",
      "ethereum-waffle": "^3.2.1",
      "ethers": "^5.0.24",
      "hardhat": "^2.6.1",
      "hardhat-deploy": "^0.7.0-beta.39",
      "web3": "^1.2.9"
    },
    "dependencies": {
      "@chainlink/contracts": "^0.2.1",
      "@chainlink/test-helpers": "0.0.5",
      "@chainlink/token": "^1.1.0",
      "@nomiclabs/hardhat-truffle5": "^2.0.0",
      "@nomiclabs/hardhat-web3": "^2.0.0",
      "@openzeppelin/contracts": "^4.3.1",
      "babel-eslint": "^10.1.0",
      "base64-sol": "^1.0.1",
      "dotenv": "^8.2.0",
      "eslint": "^7.22.0",
      "mocha-skip-if": "^0.0.3",
      "transform": "^1.1.2"
    },
    "mocha": {
      "timeout": 10000000
    }
  }

yarn manifest: 
  No manifest

Lockfile: 
  No lockfile
